-1.7
-encoding
UTF-8
-classpath
/Users/Marc_Alx/.m2/repository/junit/junit/4.11/junit-4.11.jar:/Users/Marc_Alx/.m2/repository/org/aspectj/aspectjrt/1.7.3/aspectjrt-1.7.3.jar:/Users/Marc_Alx/Documents/Temp/tagl/git/tagl/cron4j-mvn/target/classes
-d
/Users/Marc_Alx/Documents/Temp/tagl/git/tagl/cron4j-mvn/target/classes
/Users/Marc_Alx/Documents/Temp/tagl/git/tagl/cron4j-mvn/src/main/java/it/sauronsoftware/cron4j/AlwaysTrueValueMatcher.java
/Users/Marc_Alx/Documents/Temp/tagl/git/tagl/cron4j-mvn/src/main/java/it/sauronsoftware/cron4j/App.java
/Users/Marc_Alx/Documents/Temp/tagl/git/tagl/cron4j-mvn/src/main/java/it/sauronsoftware/cron4j/CronParser.java
/Users/Marc_Alx/Documents/Temp/tagl/git/tagl/cron4j-mvn/src/main/java/it/sauronsoftware/cron4j/DayOfMonthValueMatcher.java
/Users/Marc_Alx/Documents/Temp/tagl/git/tagl/cron4j-mvn/src/main/java/it/sauronsoftware/cron4j/FileTaskCollector.java
/Users/Marc_Alx/Documents/Temp/tagl/git/tagl/cron4j-mvn/src/main/java/it/sauronsoftware/cron4j/GUIDGenerator.java
/Users/Marc_Alx/Documents/Temp/tagl/git/tagl/cron4j-mvn/src/main/java/it/sauronsoftware/cron4j/IntArrayValueMatcher.java
/Users/Marc_Alx/Documents/Temp/tagl/git/tagl/cron4j-mvn/src/main/java/it/sauronsoftware/cron4j/InvalidPatternException.java
/Users/Marc_Alx/Documents/Temp/tagl/git/tagl/cron4j-mvn/src/main/java/it/sauronsoftware/cron4j/LauncherThread.java
/Users/Marc_Alx/Documents/Temp/tagl/git/tagl/cron4j-mvn/src/main/java/it/sauronsoftware/cron4j/MemoryTaskCollector.java
/Users/Marc_Alx/Documents/Temp/tagl/git/tagl/cron4j-mvn/src/main/java/it/sauronsoftware/cron4j/Predictor.java
/Users/Marc_Alx/Documents/Temp/tagl/git/tagl/cron4j-mvn/src/main/java/it/sauronsoftware/cron4j/ProcessTask.java
/Users/Marc_Alx/Documents/Temp/tagl/git/tagl/cron4j-mvn/src/main/java/it/sauronsoftware/cron4j/RunnableTask.java
/Users/Marc_Alx/Documents/Temp/tagl/git/tagl/cron4j-mvn/src/main/java/it/sauronsoftware/cron4j/Scheduler.java
/Users/Marc_Alx/Documents/Temp/tagl/git/tagl/cron4j-mvn/src/main/java/it/sauronsoftware/cron4j/SchedulerListener.java
/Users/Marc_Alx/Documents/Temp/tagl/git/tagl/cron4j-mvn/src/main/java/it/sauronsoftware/cron4j/SchedulingPattern.java
/Users/Marc_Alx/Documents/Temp/tagl/git/tagl/cron4j-mvn/src/main/java/it/sauronsoftware/cron4j/SchedulingPatternValidator.java
/Users/Marc_Alx/Documents/Temp/tagl/git/tagl/cron4j-mvn/src/main/java/it/sauronsoftware/cron4j/StaticMethodTask.java
/Users/Marc_Alx/Documents/Temp/tagl/git/tagl/cron4j-mvn/src/main/java/it/sauronsoftware/cron4j/StreamBridge.java
/Users/Marc_Alx/Documents/Temp/tagl/git/tagl/cron4j-mvn/src/main/java/it/sauronsoftware/cron4j/Task.java
/Users/Marc_Alx/Documents/Temp/tagl/git/tagl/cron4j-mvn/src/main/java/it/sauronsoftware/cron4j/TaskCollector.java
/Users/Marc_Alx/Documents/Temp/tagl/git/tagl/cron4j-mvn/src/main/java/it/sauronsoftware/cron4j/TaskExecutionContext.java
/Users/Marc_Alx/Documents/Temp/tagl/git/tagl/cron4j-mvn/src/main/java/it/sauronsoftware/cron4j/TaskExecutor.java
/Users/Marc_Alx/Documents/Temp/tagl/git/tagl/cron4j-mvn/src/main/java/it/sauronsoftware/cron4j/TaskExecutorListener.java
/Users/Marc_Alx/Documents/Temp/tagl/git/tagl/cron4j-mvn/src/main/java/it/sauronsoftware/cron4j/TaskTable.java
/Users/Marc_Alx/Documents/Temp/tagl/git/tagl/cron4j-mvn/src/main/java/it/sauronsoftware/cron4j/TimerThread.java
/Users/Marc_Alx/Documents/Temp/tagl/git/tagl/cron4j-mvn/src/main/java/it/sauronsoftware/cron4j/ValueMatcher.java
